<?xml version="1.0" encoding="UTF-8"?>
<!-- Generated by org.testng.reporters.JUnitReportReporter -->
<testsuite hostname="mute" failures="0" tests="1" name="smokeTest.placeOrderFunctionality" time="12.188" errors="0" timestamp="2024-03-03T04:43:56 EET" skipped="0">
  <testcase classname="smokeTest.placeOrderFunctionality" name="placeOrder" time="12.188"/>
  <system-out/>
</testsuite> <!-- smokeTest.placeOrderFunctionality -->
